2025-01-17T02:22:49.589Z [200] / 47.286ms
2025-01-17T02:23:00.675Z [204] /set-available?value=300 2.220ms
2025-01-17T02:23:05.521Z [204] /adjust-count?value=1 1.090ms
2025-01-17T02:23:07.259Z [200] /events 0.536ms
2025-01-17T02:23:07.276Z [304] / 5.435ms
2025-01-17T02:23:12.258Z [204] /set-available?value=5 0.877ms
2025-01-17T02:23:12.690Z [204] /set-available?value=5 0.577ms
2025-01-17T02:23:12.870Z [204] /set-available?value=5 0.308ms
2025-01-17T02:23:13.070Z [204] /set-available?value=5 0.190ms
2025-01-17T02:23:13.254Z [204] /set-available?value=5 0.511ms
2025-01-17T02:23:13.467Z [204] /set-available?value=5 0.147ms
2025-01-17T02:23:14.990Z [200] /events 0.184ms
2025-01-17T02:23:15.001Z [304] / 1.478ms
2025-01-17T02:23:29.187Z [204] /set-available?value=300 0.443ms
2025-01-17T02:23:44.155Z [204] /adjust-count?value=-1 0.316ms
2025-01-17T02:23:44.837Z [204] /adjust-count?value=-1 0.316ms
2025-01-17T02:23:45.352Z [204] /adjust-count?value=-1 0.407ms
2025-01-17T02:23:47.270Z [204] /adjust-count?value=1 0.340ms
2025-01-17T02:23:47.738Z [204] /adjust-count?value=1 0.308ms
2025-01-17T02:23:48.422Z [204] /adjust-count?value=1 0.313ms
2025-01-17T02:23:53.988Z [204] /set-available?value=50 0.452ms
2025-01-17T02:24:04.971Z [204] /set-capacity?value=399 0.663ms
2025-01-17T02:24:07.088Z [204] /adjust-count?value=1 0.338ms
2025-01-17T02:24:08.355Z [204] /adjust-count?value=1 0.469ms
2025-01-17T02:25:42.494Z [204] /set-capacity?value=399 1.859ms
2025-01-17T02:25:43.718Z [204] /set-available?value=50 0.526ms
2025-01-17T02:25:52.971Z [204] /adjust-count?value=1 0.969ms
2025-01-17T02:25:53.553Z [204] /adjust-count?value=1 0.875ms
2025-01-17T02:25:53.902Z [204] /adjust-count?value=1 0.329ms
2025-01-17T02:25:54.119Z [204] /adjust-count?value=1 0.236ms
2025-01-17T02:25:58.737Z [204] /adjust-count?value=-1 0.459ms
2025-01-17T02:25:58.937Z [204] /adjust-count?value=-1 0.443ms
2025-01-17T02:25:59.440Z [204] /adjust-count?value=-1 0.413ms
2025-01-17T02:25:59.618Z [204] /adjust-count?value=-1 0.273ms
2025-01-17T02:25:59.804Z [204] /adjust-count?value=-1 0.507ms
2025-01-17T02:25:59.950Z [204] /adjust-count?value=-1 0.441ms
2025-01-17T02:26:00.136Z [204] /adjust-count?value=-1 0.340ms
2025-01-17T02:26:00.285Z [204] /adjust-count?value=-1 0.314ms
2025-01-17T02:26:00.838Z [204] /adjust-count?value=-1 0.479ms
2025-01-17T02:26:01.002Z [204] /adjust-count?value=-1 0.322ms
2025-01-17T02:26:01.169Z [204] /adjust-count?value=-1 0.298ms
2025-01-17T02:26:01.735Z [204] /adjust-count?value=-1 0.289ms
2025-01-17T02:26:01.918Z [204] /adjust-count?value=-1 0.305ms
2025-01-17T02:26:02.401Z [204] /adjust-count?value=-1 0.306ms
2025-01-17T02:26:02.884Z [204] /adjust-count?value=-1 0.307ms
2025-01-17T02:26:03.550Z [204] /adjust-count?value=-1 0.327ms
2025-01-17T02:26:03.751Z [204] /adjust-count?value=-1 0.299ms
2025-01-17T02:26:03.936Z [204] /adjust-count?value=-1 0.269ms
2025-01-17T02:26:06.368Z [204] /adjust-count?value=1 0.273ms
2025-01-17T02:29:10.825Z [204] /set-capacity?value=399 1.842ms
2025-01-17T02:29:12.647Z [204] /adjust-count?value=1 0.619ms
2025-01-17T02:29:14.373Z [204] /adjust-count?value=1 1.271ms
2025-01-17T02:29:14.648Z [204] /adjust-count?value=1 0.733ms
2025-01-17T02:29:14.947Z [204] /adjust-count?value=1 0.327ms
2025-01-17T02:29:16.399Z [204] /adjust-count?value=1 0.418ms
2025-01-17T02:29:16.601Z [204] /adjust-count?value=1 0.361ms
2025-01-17T02:29:16.798Z [204] /adjust-count?value=1 0.450ms
2025-01-17T02:29:17.016Z [204] /adjust-count?value=1 0.668ms
2025-01-17T02:29:40.561Z [200] /events 1.550ms
2025-01-17T02:29:40.582Z [200] / 10.724ms
2025-01-17T02:29:43.815Z [204] /adjust-count?value=-1 0.695ms
2025-01-17T02:29:45.431Z [204] /adjust-count?value=-1 0.355ms
2025-01-17T02:29:48.948Z [204] /adjust-count?value=1 0.449ms
2025-01-17T02:29:50.231Z [204] /adjust-count?value=1 0.316ms
2025-01-17T02:32:52.110Z [200] / 8.607ms
2025-01-17T02:32:52.185Z [404] /output.css 2.609ms
2025-01-17T02:32:54.783Z [200] /events 0.678ms
2025-01-17T02:32:54.791Z [304] / 1.611ms
2025-01-17T02:32:54.817Z [404] /output.css 2.193ms
2025-01-17T02:32:56.217Z [200] /events 0.147ms
2025-01-17T02:32:56.222Z [304] / 1.421ms
2025-01-17T02:32:56.235Z [404] /output.css 0.752ms
2025-01-17T02:33:34.880Z [304] / 7.043ms
2025-01-17T02:33:34.893Z [404] /output.css 3.199ms
2025-01-17T02:33:41.708Z [200] /events 0.638ms
2025-01-17T02:33:41.715Z [304] / 1.610ms
2025-01-17T02:33:41.730Z [404] /output.css 2.120ms
2025-01-17T02:33:42.363Z [200] /events 0.262ms
2025-01-17T02:33:42.371Z [304] / 1.405ms
2025-01-17T02:33:42.389Z [404] /output.css 0.454ms
2025-01-17T02:33:42.929Z [200] /events 0.322ms
2025-01-17T02:33:42.937Z [304] / 0.906ms
2025-01-17T02:33:42.953Z [404] /output.css 0.783ms
2025-01-17T02:33:43.359Z [200] /events 0.167ms
2025-01-17T02:33:43.365Z [304] / 0.964ms
2025-01-17T02:33:43.377Z [404] /output.css 0.632ms
2025-01-17T02:33:43.558Z [200] /events 1.115ms
2025-01-17T02:33:43.562Z [304] / 1.064ms
2025-01-17T02:33:43.572Z [404] /output.css 0.429ms
2025-01-17T02:33:43.742Z [200] /events 0.370ms
2025-01-17T02:33:43.746Z [304] / 0.911ms
2025-01-17T02:33:43.754Z [404] /output.css 0.438ms
2025-01-17T02:33:43.925Z [200] /events 0.208ms
2025-01-17T02:33:43.932Z [304] / 1.142ms
2025-01-17T02:33:43.944Z [404] /output.css 0.416ms
2025-01-17T02:33:44.109Z [200] /events 0.158ms
2025-01-17T02:33:44.115Z [304] / 2.017ms
2025-01-17T02:33:44.128Z [404] /output.css 0.771ms
2025-01-17T02:33:44.275Z [200] /events 0.136ms
2025-01-17T02:33:44.279Z [304] / 0.963ms
2025-01-17T02:33:44.289Z [404] /output.css 0.664ms
2025-01-17T02:33:56.912Z [304] / 9.794ms
2025-01-17T02:33:56.946Z [404] /output.css 7.484ms
2025-01-17T02:38:45.875Z [304] / 6.448ms
2025-01-17T02:38:45.896Z [200] /output.css 5.678ms
2025-01-17T03:10:06.461Z [304] / 7.306ms
2025-01-17T03:10:06.509Z [304] /output.css 0.699ms
2025-01-17T03:10:11.649Z [204] /set-available?value=200 1.810ms
2025-01-17T03:10:24.432Z [204] /set-capacity?value=300 2.161ms
2025-01-17T03:11:39.820Z [200] /events 1.345ms
2025-01-17T03:11:39.837Z [200] / 4.698ms
2025-01-17T03:11:39.853Z [200] /output.css 1.562ms
2025-01-17T03:13:49.264Z [200] /events 0.450ms
2025-01-17T03:13:49.284Z [200] / 4.622ms
2025-01-17T03:13:49.307Z [200] /output.css 3.778ms
2025-01-17T03:14:13.963Z [204] /adjust-count?value=-1 1.544ms
2025-01-17T03:14:15.177Z [204] /adjust-count?value=-1 0.626ms
2025-01-17T03:14:15.757Z [204] /adjust-count?value=-1 0.514ms
2025-01-17T03:14:16.159Z [204] /adjust-count?value=-1 0.413ms
2025-01-17T03:14:16.807Z [204] /adjust-count?value=-1 0.657ms
2025-01-17T03:14:18.394Z [204] /adjust-count?value=1 0.676ms
2025-01-17T03:14:18.560Z [204] /adjust-count?value=1 0.646ms
2025-01-17T03:14:18.762Z [204] /adjust-count?value=1 0.486ms
2025-01-17T03:14:18.926Z [204] /adjust-count?value=1 0.509ms
2025-01-17T03:36:38.691Z [200] /events 3.914ms
2025-01-17T04:22:36.623Z [200] / 11.371ms
2025-01-17T04:22:36.668Z [200] /output.css 5.228ms
2025-01-17T04:22:39.418Z [200] /events 0.879ms
